<?xml version="1.0" encoding="UTF-8"?>
<testng-results ignored="0" total="1" passed="1" failed="0" skipped="0">
  <reporter-output>
  </reporter-output>
  <suite started-at="2020-12-17T00:46:33 IST" name="Default suite" finished-at="2020-12-17T00:46:35 IST" duration-ms="2255">
    <groups>
    </groups>
    <test started-at="2020-12-17T00:46:33 IST" name="Default test" finished-at="2020-12-17T00:46:35 IST" duration-ms="2255">
      <class name="Test01_GET">
        <test-method signature="test_01()[pri:0, instance:Test01_GET@5fa07e12]" started-at="2020-12-17T00:46:33 IST" name="test_01" finished-at="2020-12-17T00:46:35 IST" duration-ms="2188" status="PASS">
          <reporter-output>
          </reporter-output>
        </test-method> <!-- test_01 -->
      </class> <!-- Test01_GET -->
    </test> <!-- Default test -->
  </suite> <!-- Default suite -->
</testng-results>
